==========================StackTest.php=========================================
PHPUnit 8.2.2 by Sebastian Bergmann and contributors.

...                                                                 3 / 3 (100%)

Time: 54 ms, Memory: 10.00 MB

OK (3 tests, 5 assertions)

==========================DependencyFailureTest.php=========================================
PHPUnit 8.2.2 by Sebastian Bergmann and contributors.

Runtime:       PHP 7.2.19-0ubuntu0.18.04.1

FS                                                                  2 / 2 (100%)

Time: 56 ms, Memory: 10.00 MB

There was 1 failure:

1) DependencyFailureTest::testOne
Failed asserting that false is true.

/var/www/html/GFL_PHP/task12/DependecyFailureTest.php:13

--

There was 1 skipped test:

1) DependencyFailureTest::testTwo
This test depends on "DependencyFailureTest::testOne" to pass.

FAILURES!
Tests: 2, Assertions: 1, Failures: 1, Skipped: 1.

==========================MultipleDependenciesTest.php=========================================
PHPUnit 8.2.2 by Sebastian Bergmann and contributors.

Runtime:       PHP 7.2.19-0ubuntu0.18.04.1

...                                                                 3 / 3 (100%)

Time: 56 ms, Memory: 10.00 MB

OK (3 tests, 3 assertions)

==========================DataTest.php=========================================
PHPUnit 8.2.2 by Sebastian Bergmann and contributors.

...F                                                                4 / 4 (100%)

Time: 56 ms, Memory: 10.00 MB

There was 1 failure:

1) DataTest::testAdd with data set #3 (1, 1, 3)
Failed asserting that 2 matches expected 3.

/var/www/html/GFL_PHP/task12/DataTest.php:16

FAILURES!
Tests: 4, Assertions: 4, Failures: 1.

==========================DataTest2.php=========================================
PHPUnit 8.2.2 by Sebastian Bergmann and contributors.

S                                                                   1 / 1 (100%)

Time: 56 ms, Memory: 10.00 MB

OK, but incomplete, skipped, or risky tests!
Tests: 1, Assertions: 0, Skipped: 1.

==========================DependencyAndDataProviderComboTest.php=========================================
PHPUnit 8.2.2 by Sebastian Bergmann and contributors.

Runtime:       PHP 7.2.19-0ubuntu0.18.04.1

...F                                                                4 / 4 (100%)

Time: 56 ms, Memory: 10.00 MB

There was 1 failure:

1) DependencyAndDataProviderComboTest::testConsumer with data set #1 ('provider2')
Failed asserting that two arrays are equal.
--- Expected
+++ Actual
@@ @@
 Array (
-    0 => 'provider1'
+    0 => 'provider2'
     1 => 'first'
     2 => 'second'
 )

/var/www/html/GFL_PHP/task12/DependencyAndDataProviderComboTest.php:37

FAILURES!
Tests: 4, Assertions: 4, Failures: 1.

==========================ExceptionTest.php=========================================
PHPUnit 8.2.2 by Sebastian Bergmann and contributors.

F                                                                   1 / 1 (100%)

Time: 55 ms, Memory: 10.00 MB

There was 1 failure:

1) ExceptionTest::testException
Failed asserting that exception of type "InvalidArgumentException" is thrown.

FAILURES!
Tests: 1, Assertions: 1, Failures: 1.

==========================ErrorSuppressionTest.php=========================================
PHPUnit 8.2.2 by Sebastian Bergmann and contributors.

.                                                                   1 / 1 (100%)

Time: 56 ms, Memory: 10.00 MB

OK (1 test, 1 assertion)

==========================OutputTest.php=========================================
PHPUnit 8.2.2 by Sebastian Bergmann and contributors.

.F                                                                  2 / 2 (100%)

Time: 58 ms, Memory: 10.00 MB

There was 1 failure:

1) OutputTest::testExpectBarActualBaz
Failed asserting that two strings are equal.
--- Expected
+++ Actual
@@ @@
-'bar'
+'baz'

FAILURES!
Tests: 2, Assertions: 2, Failures: 1.

==========================ArrayHasKeyTest.php=========================================
PHPUnit 8.2.2 by Sebastian Bergmann and contributors.

F                                                                   1 / 1 (100%)

Time: 55 ms, Memory: 10.00 MB

There was 1 failure:

1) ArrayHasKeyTest::testFailure
Failed asserting that an array has the key 'foo'.

/var/www/html/GFL_PHP/task12/ArrayHasKeyTest.php:6

FAILURES!
Tests: 1, Assertions: 1, Failures: 1.

==========================ClassHasAttributeTest.php=========================================
PHPUnit 8.2.2 by Sebastian Bergmann and contributors.

F                                                                   1 / 1 (100%)

Time: 56 ms, Memory: 10.00 MB

There was 1 failure:

1) ClassHasAttributeTest::testFailure
Failed asserting that class "stdClass" has attribute "foo".

/var/www/html/GFL_PHP/task12/ClassHasAttributeTest.php:7

FAILURES!
Tests: 1, Assertions: 1, Failures: 1.

==========================ClassHasStaticAttributeTest.php=========================================
PHPUnit 8.2.2 by Sebastian Bergmann and contributors.

F                                                                   1 / 1 (100%)

Time: 53 ms, Memory: 10.00 MB

There was 1 failure:

1) ClassHasStaticAttributeTest::testFailure
Failed asserting that class "stdClass" has static attribute "foo".

/var/www/html/GFL_PHP/task12/ClassHasStaticAttributeTest.php:7

FAILURES!
Tests: 1, Assertions: 1, Failures: 1.

==========================ContainsTest.php=========================================

PHPUnit 8.2.2 by Sebastian Bergmann and contributors.

FW                                                                  2 / 2 (100%)

Time: 56 ms, Memory: 10.00 MB

There was 1 warning:

1) ContainsTest::testOK
Using assertContains() with string haystacks is deprecated and will not be supported in PHPUnit 9. Refactor your test to use assertStringContainsString() or assertStringContainsStringIgnoringCase() instead.
The optional $ignoreCase parameter of assertContains() is deprecated and will be removed in PHPUnit 9.

--

There was 1 failure:

1) ContainsTest::testFailure
Failed asserting that 'FooBar' contains "foo".

/var/www/html/GFL_PHP/task12/ContainsTest.php:7

FAILURES!
Tests: 2, Assertions: 2, Failures: 1, Warnings: 1.

==========================ContainsOnlyTest.php=========================================
PHPUnit 8.2.2 by Sebastian Bergmann and contributors.

F                                                                   1 / 1 (100%)

Time: 57 ms, Memory: 10.00 MB

There was 1 failure:

1) ContainsOnlyTest::testFailure
Failed asserting that Array &0 (
    0 => '1'
    1 => '2'
    2 => 3
) contains only values of type "string".

/var/www/html/GFL_PHP/task12/ContainsOnlyTest.php:7

FAILURES!
Tests: 1, Assertions: 1, Failures: 1.

==========================CountTest.php=========================================
PHPUnit 8.2.2 by Sebastian Bergmann and contributors.

F                                                                   1 / 1 (100%)

Time: 57 ms, Memory: 10.00 MB

There was 1 failure:

1) CountTest::testFailure
Failed asserting that actual size 1 matches expected size 0.

/var/www/html/GFL_PHP/task12/CountTest.php:7

FAILURES!
Tests: 1, Assertions: 1, Failures: 1.

==========================EmptyTest.php=========================================
PHPUnit 8.2.2 by Sebastian Bergmann and contributors.

F                                                                   1 / 1 (100%)

Time: 55 ms, Memory: 10.00 MB

There was 1 failure:

1) EmptyTest::testFailure
Failed asserting that an array is empty.

/var/www/html/GFL_PHP/task12/EmptyTest.php:7

FAILURES!
Tests: 1, Assertions: 1, Failures: 1.

==========================EqualXMLStructureTest.php=========================================
PHPUnit 8.2.2 by Sebastian Bergmann and contributors.

FFFF                                                                4 / 4 (100%)

Time: 56 ms, Memory: 10.00 MB

There were 4 failures:

1) EqualXMLStructureTest::testFailureWithDifferentNodeNames
Failed asserting that two strings are identical.
--- Expected
+++ Actual
@@ @@
-'foo'
+'bar'

/var/www/html/GFL_PHP/task12/EqualXMLStructureTest.php:10

2) EqualXMLStructureTest::testFailureWithDifferentNodeAttributes
Number of attributes on node "foo" does not match
Failed asserting that 0 is identical to 1.

/var/www/html/GFL_PHP/task12/EqualXMLStructureTest.php:22

3) EqualXMLStructureTest::testFailureWithDifferentChildrenCount
Number of child nodes of "foo" differs
Failed asserting that 1 is identical to 3.

/var/www/html/GFL_PHP/task12/EqualXMLStructureTest.php:35

4) EqualXMLStructureTest::testFailureWithDifferentChildren
Failed asserting that two strings are identical.
--- Expected
+++ Actual
@@ @@
-'bar'
+'baz'

/var/www/html/GFL_PHP/task12/EqualXMLStructureTest.php:48

FAILURES!
Tests: 4, Assertions: 8, Failures: 4.

==========================EqualsTest.php=========================================
PHPUnit 8.2.2 by Sebastian Bergmann and contributors.

FFF                                                                 3 / 3 (100%)

Time: 56 ms, Memory: 10.00 MB

There were 3 failures:

1) EqualsTest::testFailure
Failed asserting that 0 matches expected 1.

/var/www/html/GFL_PHP/task12/EqualsTest.php:7

2) EqualsTest::testFailure2
Failed asserting that two strings are equal.
--- Expected
+++ Actual
@@ @@
-'bar'
+'baz'

/var/www/html/GFL_PHP/task12/EqualsTest.php:12

3) EqualsTest::testFailure3
Failed asserting that two strings are equal.
--- Expected
+++ Actual
@@ @@
 'foo\n
-bar\n
+bah\n
 baz\n
 '

/var/www/html/GFL_PHP/task12/EqualsTest.php:17

FAILURES!
Tests: 3, Assertions: 3, Failures: 3.

==========================FalseTest.php=========================================
PHPUnit 8.2.2 by Sebastian Bergmann and contributors.

F                                                                   1 / 1 (100%)

Time: 55 ms, Memory: 10.00 MB

There was 1 failure:

1) FalseTest::testFailure
Failed asserting that true is false.

/var/www/html/GFL_PHP/task12/FalseTest.php:7

FAILURES!
Tests: 1, Assertions: 1, Failures: 1.

==========================FileEqualsTest.php=========================================
PHPUnit 8.2.2 by Sebastian Bergmann and contributors.

F                                                                   1 / 1 (100%)

Time: 55 ms, Memory: 10.00 MB

There was 1 failure:

1) FileEqualsTest::testFailure
Failed asserting that two strings are equal.
--- Expected
+++ Actual
@@ @@
-'<?php\r\n
-define("DB_HOST", "localhost");\r\n
-define("DB_NAME", "user12");\r\n
-define("DB_USER", "user12");\r\n
-define("DB_PASSWORD", "user12");'
+'<?php\n
+/**\n
+ * Created by PhpStorm.\n
+ * User: Алексей\n
+ * Date: 26.05.2019\n
+ * Time: 20:36\n
+ */\n
+\n
+// Base config\n
+define('DB_HOST', 'localhost');\n
+define('DB_NAME', 'user12');\n
+define('DB_USER', 'user12');\n
+define('DB_PASS', 'user12');'

/var/www/html/GFL_PHP/task12/FileEqualsTest.php:7

FAILURES!
Tests: 1, Assertions: 3, Failures: 1.

==========================FileExistsTest.php=========================================
PHPUnit 8.2.2 by Sebastian Bergmann and contributors.

.                                                                   1 / 1 (100%)

Time: 56 ms, Memory: 10.00 MB

OK (1 test, 1 assertion)

==========================GreaterThanTest.php=========================================
PHPUnit 8.2.2 by Sebastian Bergmann and contributors.

F                                                                   1 / 1 (100%)

Time: 57 ms, Memory: 10.00 MB

There was 1 failure:

1) GreaterThanTest::testFailure
Failed asserting that 1 is greater than 2.

/var/www/html/GFL_PHP/task12/GreaterThanTest.php:7

FAILURES!
Tests: 1, Assertions: 1, Failures: 1.

==========================GreatThanOrEqualTest.php=========================================
PHPUnit 8.2.2 by Sebastian Bergmann and contributors.

.                                                                   1 / 1 (100%)

Time: 57 ms, Memory: 10.00 MB

OK (1 test, 2 assertions)

==========================InstanceOfTest.php=========================================
PHPUnit 8.2.2 by Sebastian Bergmann and contributors.

F                                                                   1 / 1 (100%)

Time: 55 ms, Memory: 10.00 MB

There was 1 failure:

1) InstanceOfTest::testFailure
Failed asserting that Exception Object (...) is an instance of class "RuntimeException".

/var/www/html/GFL_PHP/task12/InstanceOfTest.php:7

FAILURES!
Tests: 1, Assertions: 1, Failures: 1.

==========================InternalTypeTest.php=========================================
PHPUnit 8.2.2 by Sebastian Bergmann and contributors.

F                                                                   1 / 1 (100%)

Time: 55 ms, Memory: 10.00 MB

There was 1 failure:

1) InternalTypeTest::testFailure
Failed asserting that 42 is of type "string".

/var/www/html/GFL_PHP/task12/InternalTypeTest.php:7

FAILURES!
Tests: 1, Assertions: 1, Failures: 1.

==========================JsonFileEqualsJsonFileTest.php=========================================
PHPUnit 8.2.2 by Sebastian Bergmann and contributors.

F                                                                   1 / 1 (100%)

Time: 61 ms, Memory: 10.00 MB

There was 1 failure:

1) JsonStringEqualsJsonFileTest::testFailure
Failed asserting that '{"name":"John"}' matches JSON string "{"name":"John","age":30,"a":"F","b":"D"}".
--- Expected
+++ Actual
@@ @@
 {
-    "name": "John",
-    "age": 30,
-    "a": "F",
-    "b": "D"
+    "name": "John"
 }

/var/www/html/GFL_PHP/task12/JsonStringEqualsJsonFileTest.php:8

FAILURES!
Tests: 1, Assertions: 4, Failures: 1.

==========================JsonStringEqualsJsonStringTest.php=========================================
PHPUnit 8.2.2 by Sebastian Bergmann and contributors.

F                                                                   1 / 1 (100%)

Time: 56 ms, Memory: 10.00 MB

There was 1 failure:

1) JsonStringEqualsJsonStringTest::testFailure
Failed asserting that '{"Mascott":"ux"}' matches JSON string "{"Mascot":"Tux"}".
--- Expected
+++ Actual
@@ @@
 {
-    "Mascot": "Tux"
+    "Mascott": "ux"
 }

/var/www/html/GFL_PHP/task12/JsonStringEqualsJsonStringTest.php:8

FAILURES!
Tests: 1, Assertions: 3, Failures: 1.

==========================LessThanTest.php=========================================
PHPUnit 8.2.2 by Sebastian Bergmann and contributors.

F                                                                   1 / 1 (100%)

Time: 59 ms, Memory: 10.00 MB

There was 1 failure:

1) LessThanTest::testFailure
Failed asserting that 2 is less than 1.

/var/www/html/GFL_PHP/task12/LessThanTest.php:7

FAILURES!
Tests: 1, Assertions: 1, Failures: 1.

==========================LessThanOrEqualTest.php=========================================
PHPUnit 8.2.2 by Sebastian Bergmann and contributors.

F                                                                   1 / 1 (100%)

Time: 58 ms, Memory: 10.00 MB

There was 1 failure:

1) LessThanOrEqualTest::testFailure
Failed asserting that 2 is equal to 1 or is less than 1.

/var/www/html/GFL_PHP/task12/LessThanOrEqualTest.php:7

FAILURES!
Tests: 1, Assertions: 2, Failures: 1.

==========================NullTest.php=========================================
PHPUnit 8.2.2 by Sebastian Bergmann and contributors.

F                                                                   1 / 1 (100%)

Time: 60 ms, Memory: 10.00 MB

There was 1 failure:

1) NullTest::testFailure
Failed asserting that 'foo' is null.

/var/www/html/GFL_PHP/task12/NullTest.php:7

FAILURES!
Tests: 1, Assertions: 1, Failures: 1.

==========================ObjectHasAttributeTest.php=========================================
PHPUnit 8.2.2 by Sebastian Bergmann and contributors.

F                                                                   1 / 1 (100%)

Time: 58 ms, Memory: 10.00 MB

There was 1 failure:

1) ObjectHasAttributeTest::testFailure
Failed asserting that object of class "stdClass" has attribute "foo".

/var/www/html/GFL_PHP/task12/ObjectHasAttributeTest.php:7

FAILURES!
Tests: 1, Assertions: 1, Failures: 1.

==========================RegExpTest.php=========================================
PHPUnit 8.2.2 by Sebastian Bergmann and contributors.

F                                                                   1 / 1 (100%)

Time: 61 ms, Memory: 10.00 MB

There was 1 failure:

1) RegExpTest::testFailure
Failed asserting that 'bar' matches PCRE pattern "/foo/".

/var/www/html/GFL_PHP/task12/RegExpTest.php:7

FAILURES!
Tests: 1, Assertions: 1, Failures: 1.

==========================StringMatchesFormatTest.php=========================================
PHPUnit 8.2.2 by Sebastian Bergmann and contributors.

F                                                                   1 / 1 (100%)

Time: 61 ms, Memory: 10.00 MB

There was 1 failure:

1) StringMatchesFormatTest::testFailure
Failed asserting that string matches format description.
--- Expected
+++ Actual
@@ @@
-%i
+foo

/var/www/html/GFL_PHP/task12/StringMatchesFormatTest.php:7

FAILURES!
Tests: 1, Assertions: 1, Failures: 1.

==========================StringMatchesFormatFileTest.php=========================================
PHPUnit 8.2.2 by Sebastian Bergmann and contributors.

F                                                                   1 / 1 (100%)

Time: 102 ms, Memory: 10.00 MB

There was 1 failure:

1) StringMatchesFormatFileTest::testFailure
Failed asserting that string matches format description.
--- Expected
+++ Actual
@@ @@
-var http = require("http"),
-    url = require("url"),
-    path = require("path"),
-    fs = require("fs"),
-    mime = require("mime")
-    port = process.argv[2] || 8888;
-
-http.createServer(function(request, response) {
-
-  var uri = url.parse(request.url).pathname
-    , filename = path.join(process.cwd(), uri);
-
-  fs.exists(filename, function(exists) {
-    if(!exists) {
-      response.writeHead(404, {"Content-Type": "text/plain"});
-      response.write("404 Not Found\n");
-      response.end();
-      return;
-    }
-
-	if (fs.statSync(filename).isDirectory()) filename += '/index.html';
-
-    fs.readFile(filename, "binary", function(err, file) {
-      if(err) {
-        response.writeHead(500, {"Content-Type": "text/plain"});
-        response.write(err + "\n");
-        response.end();
-        return;
-      }
-
-      response.writeHead(200, {"Content-Type": mime.getType(filename)});
-      response.write(file, "binary");
-      response.end();
-    });
-  });
-}).listen(parseInt(port, 10));
-
-console.log("Static file server running at\n  => http://localhost:" + port + "/\nCTRL + C to shutdown");
+foo

/var/www/html/GFL_PHP/task12/StringMatchesFormatFileTest.php:7

FAILURES!
Tests: 1, Assertions: 2, Failures: 1.

==========================SameTest.php=========================================
PHPUnit 8.2.2 by Sebastian Bergmann and contributors.

F                                                                   1 / 1 (100%)

Time: 57 ms, Memory: 10.00 MB

There was 1 failure:

1) SameTest::testFailure
Failed asserting that 2204 is identical to '2204'.

/var/www/html/GFL_PHP/task12/SameTest.php:7

FAILURES!
Tests: 1, Assertions: 1, Failures: 1.

==========================StringEndsWithTest.php=========================================
PHPUnit 8.2.2 by Sebastian Bergmann and contributors.

F                                                                   1 / 1 (100%)

Time: 76 ms, Memory: 10.00 MB

There was 1 failure:

1) StringEndsWithTest::testFailure
Failed asserting that 'foo' ends with "suffix".

/var/www/html/GFL_PHP/task12/StringEndsWithTest.php:7

FAILURES!
Tests: 1, Assertions: 1, Failures: 1.

==========================StringEqualsFileTest.php=========================================
PHPUnit 8.2.2 by Sebastian Bergmann and contributors.

F                                                                   1 / 1 (100%)

Time: 78 ms, Memory: 10.00 MB

There was 1 failure:

1) StringEqualsFileTest::testFailure
Failed asserting that two strings are equal.
--- Expected
+++ Actual
@@ @@
-'one = 1\n
-five = 5\n
-animal = "BIRD"\n
-path = "/usr/local/bin"\n
-URL = "http://www.example.com/~username"\n
-phpversion[] = "5.0"\n
-phpversion[] = "5.1"\n
-phpversion[] = "5.2"\n
-phpversion[] = "5.3"\n
-urls[svn] = "http://svn.php.net"\n
-urls[git] = "http://git.php.net"\n
-'
+'five = 5\n'

/var/www/html/GFL_PHP/task12/StringEqualsFileTest.php:7

FAILURES!
Tests: 1, Assertions: 2, Failures: 1.

==========================StringStartsWithTest.php=========================================
PHPUnit 8.2.2 by Sebastian Bergmann and contributors.

F                                                                   1 / 1 (100%)

Time: 63 ms, Memory: 10.00 MB

There was 1 failure:

1) StringStartsWithTest::testFailure
Failed asserting that 'foo' starts with "prefix".

/var/www/html/GFL_PHP/task12/StringStartsWithTest.php:7

FAILURES!
Tests: 1, Assertions: 1, Failures: 1.

==========================TrueTest.php=========================================
PHPUnit 8.2.2 by Sebastian Bergmann and contributors.

F                                                                   1 / 1 (100%)

Time: 61 ms, Memory: 10.00 MB

There was 1 failure:

1) TrueTest::testFailure
Failed asserting that false is true.

/var/www/html/GFL_PHP/task12/TrueTest.php:7

FAILURES!
Tests: 1, Assertions: 1, Failures: 1.

==========================assertXmlFileEqualsXmlFile.php=========================================
PHPUnit 8.2.2 by Sebastian Bergmann and contributors.

F                                                                   1 / 1 (100%)

Time: 78 ms, Memory: 10.00 MB

There was 1 failure:

1) XmlFileEqualsXmlFileTest::testFailure
Failed asserting that two DOM documents are equal.
--- Expected
+++ Actual
@@ @@
 <?xml version="1.0"?>
 <note>
   <to>Vasya</to>
-  <from>Sveta</from>
+  <from>Katya</from>
   <heading>Reminder</heading>
   <body>Call me tomorrow!</body>
 </note>

/var/www/html/GFL_PHP/task12/XmlFileEqualsXmlFileTest.php:8

FAILURES!
Tests: 1, Assertions: 1, Failures: 1.

==========================XmlStringEqualsXmlFileTest.php=========================================
PHPUnit 8.2.2 by Sebastian Bergmann and contributors.

F                                                                   1 / 1 (100%)

Time: 59 ms, Memory: 10.00 MB

There was 1 failure:

1) XmlStringEqualsXmlFileTest::testFailure
Failed asserting that two DOM documents are equal.
--- Expected
+++ Actual
@@ @@
 <?xml version="1.0"?>
-<note>
-  <to>Vasya</to>
-  <from>Sveta</from>
-  <heading>Reminder</heading>
-  <body>Call me tomorrow!</body>
-</note>
+<from>Katya</from>

/var/www/html/GFL_PHP/task12/XmlStringEqualsXmlFileTest.php:8

FAILURES!
Tests: 1, Assertions: 1, Failures: 1.

==========================XmlStringEqualsXmlStringTest.php=========================================
PHPUnit 8.2.2 by Sebastian Bergmann and contributors.

F                                                                   1 / 1 (100%)

Time: 57 ms, Memory: 10.00 MB

There was 1 failure:

1) XmlStringEqualsXmlStringTest::testFailure
Failed asserting that two DOM documents are equal.
--- Expected
+++ Actual
@@ @@
 <?xml version="1.0"?>
 <foo>
-  <bar/>
+  <baz/>
 </foo>

/var/www/html/GFL_PHP/task12/XmlStringEqualsXmlStringTest.php:8

FAILURES!
Tests: 1, Assertions: 1, Failures: 1.

==========================ArrayDiffTest.php=========================================
PHPUnit 8.2.2 by Sebastian Bergmann and contributors.

F                                                                   1 / 1 (100%)

Time: 58 ms, Memory: 10.00 MB

There was 1 failure:

1) ArrayDiffTest::testEquality
Failed asserting that two arrays are equal.
--- Expected
+++ Actual
@@ @@
 Array (
     0 => 1
     1 => 2
-    2 => 3
+    2 => 33
     3 => 4
     4 => 5
     5 => 6
 )

/var/www/html/GFL_PHP/task12/ArrayDiffTest.php:8

FAILURES!
Tests: 1, Assertions: 1, Failures: 1.

==========================LongArrayDiffTest.php=========================================
PHPUnit 8.2.2 by Sebastian Bergmann and contributors.

F                                                                   1 / 1 (100%)

Time: 58 ms, Memory: 10.00 MB

There was 1 failure:

1) LongArrayDiffTest::testEquality
Failed asserting that two arrays are equal.
--- Expected
+++ Actual
@@ @@
     11 => 0
     12 => 1
     13 => 2
-    14 => 3
+    14 => 33
     15 => 4
     16 => 5
     17 => 6
 )

/var/www/html/GFL_PHP/task12/LongArrayDiffTest.php:8

FAILURES!
Tests: 1, Assertions: 1, Failures: 1.

==========================ArrayWeakComparisonTest.php=========================================
PHPUnit 8.2.2 by Sebastian Bergmann and contributors.

F                                                                   1 / 1 (100%)

Time: 59 ms, Memory: 10.00 MB

There was 1 failure:

1) ArrayWeakComparisonTest::testEquality
Failed asserting that two arrays are equal.
--- Expected
+++ Actual
@@ @@
 Array (
-    0 => 1
+    0 => '1'
     1 => 2
-    2 => 3
+    2 => 33
     3 => 4
     4 => 5
     5 => 6
 )

/var/www/html/GFL_PHP/task12/ArrayWeakComparisonTest.php:8

FAILURES!
Tests: 1, Assertions: 1, Failures: 1.
